<?xml version="1.0" encoding="UTF-8"?>
<!-- Generated by org.testng.reporters.JUnitReportReporter -->
<testsuite hostname="LAPTOP-M8FI31IN" failures="0" tests="1" name="Framework_Sample.TestNG1.driverOpen" time="9.052" errors="0" timestamp="2024-06-11T07:15:20 IST" skipped="0">
  <testcase classname="Framework_Sample.TestNG1.driverOpen" name="test" time="9.052"/>
  <system-out/>
</testsuite> <!-- Framework_Sample.TestNG1.driverOpen -->
